SF:$HOME/.cargo/registry/src/index.crates.io-1949cf8c6b5b557f/anchor-lang-1.1.2/src/accounts/account.rs
DA:255,355
DA:261,210
DA:262,34
DA:263,16
DA:264,32
DA:265,982
DA:266,27
DA:268,21
DA:314,50
DA:315,47
DA:316,4
DA:318,134
DA:319,5
DA:320,21
DA:322,99
DA:323,172
DA:324,36
DA:330,48
DA:331,30
DA:334,113
DA:335,0
DA:336,0
DA:338,100
DA:339,175
DA:340,37
DA:349,0
DA:356,40
DA:357,0
DA:359,20
DA:360,100
DA:361,40
DA:362,20
DA:369,570
DA:377,41
DA:378,66
DA:404,259
DA:418,42
DA:429,54
DA:435,2701
LF:39
LH:35
end_of_record
SF:$HOME/.cargo/registry/src/index.crates.io-1949cf8c6b5b557f/anchor-lang-1.1.2/src/accounts/account_info.rs
DA:52,529
LF:1
LH:1
end_of_record
SF:$HOME/.cargo/registry/src/index.crates.io-1949cf8c6b5b557f/anchor-lang-1.1.2/src/accounts/boxed.rs
DA:25,10
DA:32,2230
DA:33,5
DA:38,692
DA:56,115
LF:5
LH:5
end_of_record
SF:$HOME/.cargo/registry/src/index.crates.io-1949cf8c6b5b557f/anchor-lang-1.1.2/src/accounts/option.rs
DA:21,4
DA:28,2
DA:45,3
DA:46,2
DA:47,2
DA:52,13
DA:54,2
LF:7
LH:7
end_of_record
SF:$HOME/.cargo/registry/src/index.crates.io-1949cf8c6b5b557f/anchor-lang-1.1.2/src/accounts/program.rs
DA:153,48
DA:154,0
DA:156,6
DA:159,6
DA:160,3
DA:178,3
DA:185,6
DA:188,3
DA:189,15
DA:190,63
DA:191,3
DA:231,12
DA:239,39
LF:13
LH:12
end_of_record
SF:$HOME/.cargo/registry/src/index.crates.io-1949cf8c6b5b557f/anchor-lang-1.1.2/src/accounts/signer.rs
DA:50,2
DA:51,2
DA:55,1
DA:60,0
DA:67,4
DA:68,0
DA:70,2
DA:71,10
DA:72,4
DA:73,2
DA:97,24
DA:111,516
LF:12
LH:10
end_of_record
SF:$HOME/.cargo/registry/src/index.crates.io-1949cf8c6b5b557f/anchor-lang-1.1.2/src/accounts/sysvar.rs
DA:54,20
DA:55,4
DA:58,1
DA:59,0
DA:74,1
DA:81,2
DA:84,1
DA:85,5
DA:86,25
DA:87,1
LF:10
LH:9
end_of_record
SF:$HOME/.cargo/registry/src/index.crates.io-1949cf8c6b5b557f/anchor-lang-1.1.2/src/accounts/unchecked_account.rs
DA:32,6
DA:35,6
DA:36,15
DA:62,2
DA:76,60
LF:5
LH:5
end_of_record
SF:$HOME/.cargo/registry/src/index.crates.io-1949cf8c6b5b557f/anchor-lang-1.1.2/src/bpf_writer.rs
DA:17,24
DA:23,8
DA:28,1
DA:31,2
DA:33,8
DA:37,3
DA:38,23
DA:41,0
DA:46,1
LF:9
LH:8
end_of_record
SF:$HOME/.cargo/registry/src/index.crates.io-1949cf8c6b5b557f/anchor-lang-1.1.2/src/common.rs
DA:7,4
DA:12,23
DA:13,9
DA:15,4
DA:16,7
DA:17,3
DA:20,13
DA:21,1
LF:8
LH:8
end_of_record
SF:$HOME/.cargo/registry/src/index.crates.io-1949cf8c6b5b557f/anchor-lang-1.1.2/src/context.rs
DA:65,201
DA:189,400
DA:203,505
DA:214,435
LF:4
LH:4
end_of_record
SF:$HOME/.cargo/registry/src/index.crates.io-1949cf8c6b5b557f/anchor-lang-1.1.2/src/lib.rs
DA:132,1
DA:140,1
DA:273,3133
DA:281,2
DA:297,6
DA:298,2
DA:299,8
DA:300,3
LF:8
LH:8
end_of_record
SF:$HOME/.cargo/registry/src/index.crates.io-1949cf8c6b5b557f/anchor-lang-1.1.2/src/system_program.rs
DA:11,4
DA:41,5
DA:45,2
DA:46,5
DA:49,8
DA:51,3
DA:52,2
DA:55,0
DA:89,0
DA:93,0
DA:94,0
DA:97,0
DA:99,0
DA:100,0
DA:103,0
DA:158,7
DA:164,6
DA:165,4
DA:166,3
DA:171,8
DA:173,7
DA:174,2
DA:176,1
DA:177,42
DA:298,0
DA:302,0
DA:303,0
DA:304,0
DA:307,0
DA:309,0
DA:310,0
DA:313,0
LF:32
LH:16
end_of_record
SF:$HOME/.cargo/registry/src/index.crates.io-1949cf8c6b5b557f/anchor-lang-error-1.1.2/src/lib.rs
DA:33,120
DA:318,2
DA:319,30
DA:320,3
DA:324,0
DA:326,0
DA:361,1
DA:362,2
DA:363,0
DA:364,1
DA:366,1
DA:368,5
DA:369,3
DA:371,1
DA:378,4
DA:392,4
DA:393,16
DA:394,3
DA:395,4
DA:396,0
DA:399,3
DA:442,0
DA:443,0
DA:445,0
DA:448,0
DA:453,0
DA:459,0
DA:463,0
DA:465,0
DA:470,0
DA:475,0
DA:476,0
DA:478,0
DA:480,0
DA:482,0
DA:483,0
DA:484,0
DA:488,0
DA:533,8
DA:534,4
DA:536,22
DA:544,30
DA:554,3
DA:555,26
DA:565,4
DA:566,3
DA:567,3
DA:568,1
DA:569,3
DA:570,3
DA:572,0
DA:573,0
DA:574,0
DA:578,1
DA:607,2
DA:608,2
DA:609,24
DA:610,0
DA:612,3
LF:59
LH:34
end_of_record
SF:$HOME/.cargo/registry/src/index.crates.io-1949cf8c6b5b557f/anchor-spl-1.1.2/src/token.rs
DA:13,8
DA:17,26
DA:19,1
DA:20,1
DA:21,1
DA:25,8
DA:27,15
DA:28,2
DA:30,1
DA:31,22
DA:61,8
DA:65,26
DA:67,1
DA:68,1
DA:69,1
DA:73,8
DA:75,15
DA:76,2
DA:78,1
DA:79,22
DA:81,8
DA:82,26
DA:84,1
DA:85,1
DA:86,1
DA:90,8
DA:92,15
DA:93,2
DA:95,1
DA:96,22
DA:451,4
DA:452,53
DA:454,9
DA:455,1
DA:482,2
DA:483,53
DA:485,5
DA:486,1
LF:38
LH:38
end_of_record
SF:$HOME/.cargo/registry/src/index.crates.io-1949cf8c6b5b557f/anchor-spl-1.1.2/src/token_2022.rs
DA:232,8
DA:235,17
DA:236,2
DA:237,1
DA:238,1
DA:239,1
DA:241,14
DA:242,1
DA:243,52
DA:324,7
DA:330,21
DA:331,2
DA:332,1
DA:337,13
DA:338,31
LF:15
LH:15
end_of_record
SF:$HOME/.cargo/registry/src/index.crates.io-1949cf8c6b5b557f/bincode-1.3.3/src/byteorder.rs
DA:215,1
DA:257,2
DA:278,4
DA:304,7
DA:330,11
DA:344,20
LF:6
LH:6
end_of_record
SF:$HOME/.cargo/registry/src/index.crates.io-1949cf8c6b5b557f/bincode-1.3.3/src/config/int.rs
DA:363,11
DA:367,20
DA:399,2
LF:3
LH:3
end_of_record
SF:$HOME/.cargo/registry/src/index.crates.io-1949cf8c6b5b557f/bincode-1.3.3/src/config/mod.rs
DA:134,5
DA:179,99
DA:200,7
LF:3
LH:3
end_of_record
SF:$HOME/.cargo/registry/src/index.crates.io-1949cf8c6b5b557f/bincode-1.3.3/src/de/mod.rs
DA:39,2
DA:73,1
DA:112,2
DA:168,4
DA:182,1
DA:314,7
DA:326,7
DA:411,7
LF:8
LH:8
end_of_record
SF:$HOME/.cargo/registry/src/index.crates.io-1949cf8c6b5b557f/bincode-1.3.3/src/de/read.rs
DA:74,4
DA:78,3
DA:86,7
LF:3
LH:3
end_of_record
SF:$HOME/.cargo/registry/src/index.crates.io-1949cf8c6b5b557f/bincode-1.3.3/src/error.rs
DA:15,0
DA:19,0
DA:21,0
DA:24,0
DA:29,0
DA:39,0
DA:77,0
DA:79,0
LF:8
LH:0
end_of_record
SF:$HOME/.cargo/registry/src/index.crates.io-1949cf8c6b5b557f/bincode-1.3.3/src/internal.rs
DA:22,62
DA:31,23
DA:32,11
DA:35,62
DA:36,3
DA:43,1
DA:45,21
DA:46,2
DA:106,7
DA:118,7
LF:10
LH:10
end_of_record
SF:$HOME/.cargo/registry/src/index.crates.io-1949cf8c6b5b557f/bincode-1.3.3/src/lib.rs
DA:113,99
DA:184,7
DA:799,6
LF:3
LH:3
end_of_record
SF:$HOME/.cargo/registry/src/index.crates.io-1949cf8c6b5b557f/bincode-1.3.3/src/ser/mod.rs
DA:29,31
DA:45,7
DA:60,20
DA:89,7
DA:195,11
DA:203,13
DA:242,160
DA:290,192
DA:399,192
DA:466,7
DA:584,33
DA:624,192
DA:722,0
LF:13
LH:12
end_of_record
SF:$HOME/.cargo/registry/src/index.crates.io-1949cf8c6b5b557f/borsh-1.8.0/src/de/mod.rs
DA:40,2192
DA:139,0
DA:140,0
DA:144,0
DA:151,211
DA:164,31
DA:166,2
DA:167,1
DA:171,21
DA:173,0
DA:179,6
DA:183,1
DA:191,98
DA:193,46
DA:204,745
DA:303,18
DA:304,3
DA:309,0
DA:311,0
DA:313,0
DA:364,97
DA:366,0
DA:408,9
DA:409,3
DA:411,73
DA:416,0
DA:417,0
DA:419,0
DA:819,256
DA:820,153
LF:30
LH:19
end_of_record
SF:$HOME/.cargo/registry/src/index.crates.io-1949cf8c6b5b557f/borsh-1.8.0/src/ser/mod.rs
DA:68,136
DA:82,433
DA:83,434
DA:156,30
DA:206,16
DA:245,9
DA:260,2
DA:261,1
DA:263,9
DA:594,471
LF:10
LH:10
end_of_record
SF:$HOME/.cargo/registry/src/index.crates.io-1949cf8c6b5b557f/bytemuck-1.25.2/src/internal.rs
DA:160,0
LF:1
LH:0
end_of_record
SF:$HOME/.cargo/registry/src/index.crates.io-1949cf8c6b5b557f/pyth-solana-receiver-sdk-2.0.0/src/error.rs
DA:24,2
LF:1
LH:1
end_of_record
SF:$HOME/.cargo/registry/src/index.crates.io-1949cf8c6b5b557f/pyth-solana-receiver-sdk-2.0.0/src/price_update.rs
DA:18,25
DA:31,2
DA:49,300
DA:198,14
DA:201,5
DA:202,1
DA:203,1
DA:204,1
DA:205,1
DA:207,2
LF:10
LH:10
end_of_record
SF:$HOME/.cargo/registry/src/index.crates.io-1949cf8c6b5b557f/pythnet-sdk-3.0.0/src/messages.rs
DA:86,71
LF:1
LH:1
end_of_record
SF:$HOME/.cargo/registry/src/index.crates.io-1949cf8c6b5b557f/pythnet-sdk-3.0.0/src/wire.rs
DA:78,3
LF:1
LH:1
end_of_record
SF:$HOME/.cargo/registry/src/index.crates.io-1949cf8c6b5b557f/serde_core-1.0.229/src/de/impls.rs
DA:148,7
LF:1
LH:1
end_of_record
SF:$HOME/.cargo/registry/src/index.crates.io-1949cf8c6b5b557f/serde_core-1.0.229/src/de/mod.rs
DA:825,14
DA:1773,7
LF:2
LH:2
end_of_record
SF:$HOME/.cargo/registry/src/index.crates.io-1949cf8c6b5b557f/serde_core-1.0.229/src/ser/impls.rs
DA:15,219
DA:156,5
DA:157,200
LF:3
LH:3
end_of_record
SF:$HOME/.cargo/registry/src/index.crates.io-1949cf8c6b5b557f/slow_primes-0.1.14/src/bit.rs
DA:360,1
DA:363,0
DA:365,0
DA:366,0
DA:957,3
DA:958,0
DA:965,2
DA:973,1
DA:974,3
DA:975,2
LF:10
LH:6
end_of_record
SF:$HOME/.cargo/registry/src/index.crates.io-1949cf8c6b5b557f/slow_primes-0.1.14/src/sieve.rs
DA:158,1
DA:159,2
DA:166,0
DA:169,0
DA:171,0
DA:172,0
DA:174,0
DA:175,0
DA:180,0
DA:186,3
DA:187,0
DA:188,0
LF:12
LH:3
end_of_record
SF:$HOME/.cargo/registry/src/index.crates.io-1949cf8c6b5b557f/solana-account-info-3.1.1/src/lib.rs
DA:26,133
DA:30,143
DA:32,886
DA:34,981
DA:36,172
DA:44,207
DA:46,188
DA:48,181
DA:50,117
DA:84,9
DA:85,2
DA:99,1
DA:101,1
DA:109,8
DA:110,1
DA:113,7
DA:114,1
DA:122,2
DA:128,4
DA:134,95
DA:140,37
DA:155,1
DA:156,6
DA:157,1
DA:160,1
DA:166,2
DA:167,8
DA:173,1
DA:176,1
DA:179,2
DA:183,1
DA:188,7
DA:194,8
DA:195,1
DA:199,1
DA:201,5
DA:211,13
DA:215,19
DA:216,11
DA:221,1
LF:40
LH:40
end_of_record
SF:$HOME/.cargo/registry/src/index.crates.io-1949cf8c6b5b557f/solana-address-2.6.1/src/error.rs
DA:29,0
DA:30,1
DA:34,0
DA:36,2
LF:4
LH:2
end_of_record
SF:$HOME/.cargo/registry/src/index.crates.io-1949cf8c6b5b557f/solana-address-2.6.1/src/lib.rs
DA:97,630
DA:101,207
DA:107,2812
DA:108,4
DA:140,178
DA:333,6
DA:456,15
DA:457,1
LF:8
LH:8
end_of_record
SF:$HOME/.cargo/registry/src/index.crates.io-1949cf8c6b5b557f/solana-address-2.6.1/src/syscalls.rs
DA:25,1
DA:26,1
DA:278,191
DA:279,0
DA:327,26
DA:329,35
DA:337,13
DA:339,117
DA:429,292
DA:436,104
DA:438,939
DA:439,6
LF:12
LH:11
end_of_record
SF:$HOME/.cargo/registry/src/index.crates.io-1949cf8c6b5b557f/solana-clock-3.1.1/src/lib.rs
DA:151,6
LF:1
LH:1
end_of_record
SF:$HOME/.cargo/registry/src/index.crates.io-1949cf8c6b5b557f/solana-cpi-3.1.0/src/lib.rs
DA:396,0
DA:402,0
LF:2
LH:0
end_of_record
SF:$HOME/.cargo/registry/src/index.crates.io-1949cf8c6b5b557f/solana-instruction-3.4.0/src/lib.rs
DA:198,4
DA:203,100
DA:204,18
DA:209,1
LF:4
LH:4
end_of_record
SF:$HOME/.cargo/registry/src/index.crates.io-1949cf8c6b5b557f/solana-invoke-0.5.0/src/lib.rs
DA:10,2
DA:11,7
DA:12,3
DA:18,8
DA:24,12
DA:25,8
DA:26,15
DA:27,2
DA:28,1
DA:29,7
DA:31,2
DA:32,8
DA:39,29
DA:40,3
DA:56,21
DA:60,5
DA:69,2
LF:17
LH:17
end_of_record
SF:$HOME/.cargo/registry/src/index.crates.io-1949cf8c6b5b557f/solana-invoke-0.5.0/src/stable_instruction_borrowed.rs
DA:21,3
DA:22,1
DA:32,8
DA:36,8
DA:60,1
DA:61,2
DA:62,1
LF:7
LH:7
end_of_record
SF:$HOME/.cargo/registry/src/index.crates.io-1949cf8c6b5b557f/solana-msg-3.1.0/src/lib.rs
DA:57,116
LF:1
LH:1
end_of_record
SF:$HOME/.cargo/registry/src/index.crates.io-1949cf8c6b5b557f/solana-program-entrypoint-3.1.1/src/lib.rs
DA:129,4
DA:130,6
DA:131,8
DA:133,7
DA:135,24
DA:223,558
DA:228,3
DA:282,0
DA:288,0
DA:360,4
DA:361,2
DA:365,12
DA:366,4
DA:367,145
DA:370,257
DA:387,6
DA:389,2
DA:390,6
DA:402,2
DA:403,6
DA:406,2
DA:407,6
DA:410,3
DA:411,6
DA:417,6
DA:419,4
DA:420,6
DA:422,2
DA:423,6
DA:426,2
DA:427,6
DA:431,6
DA:435,3
DA:437,2
DA:439,18
DA:440,6
DA:443,7
DA:464,6
DA:470,2
DA:475,29
DA:476,6
DA:478,6
DA:479,1
DA:480,137
DA:482,16
DA:484,6
DA:487,58
DA:493,19
DA:498,1
DA:500,10
DA:501,1
LF:51
LH:49
end_of_record
SF:$HOME/.cargo/registry/src/index.crates.io-1949cf8c6b5b557f/solana-program-error-3.0.1/src/lib.rs
DA:56,0
DA:61,0
DA:92,0
DA:93,0
DA:94,0
DA:96,0
DA:98,0
DA:100,0
DA:102,0
DA:104,0
DA:106,0
DA:108,0
DA:110,0
DA:112,0
DA:114,0
DA:116,0
DA:118,0
DA:120,0
DA:121,0
DA:123,0
DA:125,0
DA:127,0
DA:129,0
DA:131,0
DA:133,0
DA:135,0
DA:137,0
DA:139,0
DA:141,0
DA:143,0
DA:145,0
DA:232,0
DA:233,4
DA:266,2
DA:273,0
DA:278,0
LF:36
LH:2
end_of_record
SF:$HOME/.cargo/registry/src/index.crates.io-1949cf8c6b5b557f/solana-program-memory-3.1.0/src/lib.rs
DA:99,2
DA:193,0
LF:2
LH:1
end_of_record
SF:$HOME/.cargo/registry/src/index.crates.io-1949cf8c6b5b557f/solana-program-pack-3.1.0/src/lib.rs
DA:41,58
DA:42,4
DA:43,40
DA:51,2
DA:54,4
LF:5
LH:5
end_of_record
SF:$HOME/.cargo/registry/src/index.crates.io-1949cf8c6b5b557f/solana-rent-3.1.0/src/lib.rs
DA:30,14
DA:109,3
DA:134,3
DA:136,67
DA:137,2
DA:138,1
DA:141,3
DA:142,39
DA:143,1
LF:9
LH:9
end_of_record
SF:$HOME/.cargo/registry/src/index.crates.io-1949cf8c6b5b557f/solana-serialize-utils-3.1.2/src/lib.rs
DA:72,0
DA:76,0
DA:77,0
LF:3
LH:0
end_of_record
SF:$HOME/.cargo/registry/src/index.crates.io-1949cf8c6b5b557f/solana-system-interface-2.0.0/src/instruction.rs
DA:79,76
DA:408,8
DA:415,26
DA:419,3
DA:421,13
DA:428,1
DA:623,0
DA:624,0
DA:625,0
DA:627,0
DA:630,0
DA:817,0
DA:818,0
DA:822,0
DA:823,0
DA:1015,6
DA:1016,18
DA:1017,6
DA:1018,1
LF:19
LH:10
end_of_record
SF:$HOME/.cargo/registry/src/index.crates.io-1949cf8c6b5b557f/solana-sysvar-3.1.1/src/lib.rs
DA:145,2
DA:148,15
DA:149,1
DA:165,5
DA:166,10
DA:170,2
DA:175,2
DA:176,18
DA:178,0
DA:180,2
LF:10
LH:9
end_of_record
SF:$HOME/.cargo/registry/src/index.crates.io-1949cf8c6b5b557f/solana-sysvar-id-3.1.0/src/lib.rs
DA:49,1
DA:50,1
LF:2
LH:2
end_of_record
SF:$HOME/.cargo/registry/src/index.crates.io-1949cf8c6b5b557f/spl-pod-0.7.3/src/bytemuck.rs
DA:8,0
LF:1
LH:0
end_of_record
SF:$HOME/.cargo/registry/src/index.crates.io-1949cf8c6b5b557f/spl-pod-0.7.3/src/optional_keys.rs
DA:22,10
LF:1
LH:1
end_of_record
SF:$HOME/.cargo/registry/src/index.crates.io-1949cf8c6b5b557f/spl-token-2022-interface-2.1.0/src/extension/mod.rs
DA:124,0
DA:125,0
DA:130,0
DA:200,0
DA:203,0
DA:205,0
DA:214,0
DA:215,0
DA:221,0
DA:230,0
DA:231,0
DA:242,0
DA:263,0
DA:306,0
DA:312,0
DA:315,0
DA:426,0
DA:522,0
DA:527,0
DA:528,0
DA:956,0
DA:1034,0
DA:1167,0
DA:1226,0
DA:1234,0
DA:1235,0
DA:1240,0
DA:1243,0
DA:1244,0
DA:1246,0
DA:1248,0
DA:1250,0
DA:1294,0
DA:1297,0
DA:1301,0
DA:1318,0
DA:1319,0
LF:37
LH:0
end_of_record
SF:$HOME/.cargo/registry/src/index.crates.io-1949cf8c6b5b557f/spl-token-2022-interface-2.1.0/src/instruction.rs
DA:882,2
DA:883,7
DA:884,9
DA:888,0
DA:896,0
DA:901,0
DA:905,0
DA:909,0
DA:913,0
DA:924,1
DA:929,0
DA:934,0
DA:939,0
DA:944,0
DA:948,0
DA:952,1
DA:957,1
DA:958,1
DA:960,0
DA:967,1
DA:969,1
DA:970,1
DA:971,1
DA:976,0
DA:977,0
DA:983,0
DA:986,0
DA:989,0
DA:990,0
DA:1006,0
DA:1007,0
DA:1053,0
DA:1057,6
DA:1058,1
DA:1082,2
DA:1086,1
DA:1087,2
DA:1161,0
DA:1237,6
DA:1244,21
DA:1245,1
DA:1246,20
DA:1251,1
DA:1253,14
DA:1255,17
DA:1260,1
DA:1313,7
DA:1319,19
DA:1320,10
DA:1323,1
DA:1325,23
DA:1330,17
DA:1335,1
LF:53
LH:31
end_of_record
SF:$HOME/.cargo/registry/src/index.crates.io-1949cf8c6b5b557f/spl-token-2022-interface-2.1.0/src/lib.rs
DA:43,36
LF:1
LH:1
end_of_record
SF:$HOME/.cargo/registry/src/index.crates.io-1949cf8c6b5b557f/spl-token-2022-interface-2.1.0/src/state.rs
DA:46,0
DA:56,0
DA:57,0
DA:58,0
DA:64,0
DA:71,0
DA:288,0
DA:290,0
LF:8
LH:0
end_of_record
SF:$HOME/.cargo/registry/src/index.crates.io-1949cf8c6b5b557f/spl-token-group-interface-0.7.2/src/error.rs
DA:11,0
LF:1
LH:0
end_of_record
SF:$HOME/.cargo/registry/src/index.crates.io-1949cf8c6b5b557f/spl-token-interface-2.0.0/src/instruction.rs
DA:582,2
DA:583,7
DA:584,8
DA:588,0
DA:596,0
DA:600,1
DA:601,2
DA:602,1
DA:604,0
DA:608,1
DA:609,2
DA:610,1
DA:612,1
DA:613,2
DA:614,1
DA:628,0
DA:633,0
DA:638,0
DA:643,0
DA:647,0
DA:651,0
DA:659,0
DA:662,0
DA:666,0
DA:676,0
DA:679,0
DA:682,3
DA:685,0
DA:686,0
DA:688,5
DA:689,1
DA:714,0
DA:718,0
DA:755,0
DA:964,7
DA:972,14
DA:973,5
DA:975,30
DA:976,10
DA:977,10
DA:978,13
DA:980,1
DA:982,1
DA:983,0
DA:986,25
DA:991,1
DA:1085,7
DA:1093,14
DA:1094,5
DA:1096,30
DA:1097,10
DA:1098,10
DA:1099,13
DA:1101,1
DA:1103,1
DA:1104,0
DA:1107,25
DA:1112,1
DA:1115,7
DA:1123,14
DA:1124,5
DA:1126,30
DA:1127,10
DA:1128,10
DA:1129,13
DA:1131,1
DA:1133,1
DA:1134,0
DA:1137,25
DA:1142,1
LF:70
LH:48
end_of_record
SF:$HOME/.cargo/registry/src/index.crates.io-1949cf8c6b5b557f/spl-token-interface-2.0.0/src/lib.rs
DA:21,39
LF:1
LH:1
end_of_record
SF:$HOME/.cargo/registry/src/index.crates.io-1949cf8c6b5b557f/spl-token-interface-2.0.0/src/state.rs
DA:34,2
DA:40,1
DA:43,26
DA:44,2
DA:45,2
DA:46,5
DA:51,13
DA:52,23
DA:59,1
DA:133,2
DA:134,1
DA:137,51
DA:140,1
DA:141,10
DA:142,2
DA:144,13
DA:145,1
DA:146,17
DA:148,1
DA:267,50
DA:269,9
DA:287,13
DA:289,0
LF:23
LH:22
end_of_record
SF:./crates/solfx-math/src/fees.rs
DA:30,1
DA:32,7
DA:33,1
DA:39,1
DA:47,4
DA:48,2
DA:49,0
DA:51,41
DA:52,3
DA:53,1
DA:79,3
DA:80,6
DA:82,6
DA:84,4
DA:91,2
DA:105,1
DA:106,9
DA:108,9
DA:110,9
DA:111,2
DA:112,1
DA:124,12
DA:125,12
DA:128,37
DA:129,3
DA:132,11
DA:133,13
DA:134,10
DA:136,3
DA:137,1
DA:139,1
DA:141,1
DA:144,5
DA:150,1
DA:164,5
DA:165,11
DA:167,2
DA:168,1
DA:170,1
DA:172,4
DA:177,1
LF:41
LH:40
end_of_record
SF:./crates/solfx-math/src/fixed.rs
DA:35,72
DA:36,42
DA:45,196
DA:46,126
DA:47,377
DA:50,6
DA:62,1
DA:65,363
DA:66,58
DA:67,78
DA:68,35
DA:69,4
DA:89,8
DA:90,12
DA:91,9
DA:100,0
DA:103,2
DA:104,18
DA:107,3
DA:113,0
DA:116,0
DA:121,32
DA:127,53
DA:131,99
DA:145,3
DA:158,1
DA:161,5
DA:162,17
LF:28
LH:25
end_of_record
SF:./crates/solfx-math/src/funding.rs
DA:53,4
DA:59,3
DA:60,5
DA:65,6
DA:68,36
DA:71,6
DA:73,10
DA:74,1
DA:83,5
DA:88,1
DA:91,1
DA:94,12
DA:100,17
DA:101,4
DA:102,1
DA:109,9
DA:111,18
DA:113,59
DA:114,3
DA:115,1
DA:125,14
DA:131,11
DA:132,1
DA:134,1
DA:135,14
DA:138,14
DA:142,104
DA:143,103
DA:145,23
DA:146,7
DA:147,1
DA:170,14
DA:176,2
DA:179,10
DA:184,6
DA:185,44
DA:193,5
DA:200,98
DA:202,5
DA:213,2
DA:219,12
DA:221,10
DA:223,98
DA:224,10
DA:225,1
DA:229,7
DA:231,15
DA:233,5
DA:234,0
DA:236,1
DA:237,9
DA:239,110
DA:240,1
LF:53
LH:52
end_of_record
SF:./crates/solfx-math/src/lp.rs
DA:33,5
DA:34,1
DA:35,3
DA:37,14
DA:42,1
DA:56,3
DA:57,1
DA:58,0
DA:60,2
DA:61,2
DA:63,17
DA:68,1
DA:73,3
DA:74,2
DA:75,0
DA:77,1
DA:78,0
DA:80,18
DA:85,1
DA:102,4
DA:103,2
DA:104,0
DA:106,43
DA:111,1
DA:130,7
DA:136,3
DA:137,1
DA:140,2
DA:144,14
DA:149,44
DA:150,1
LF:31
LH:27
end_of_record
SF:./crates/solfx-math/src/margin.rs
DA:30,7
DA:31,1
DA:40,5
DA:41,1
DA:42,0
DA:44,40
DA:45,4
DA:46,1
DA:52,11
DA:53,1
DA:54,0
DA:56,8
DA:57,42
DA:58,58
DA:59,4
DA:60,1
DA:64,1
DA:65,0
DA:67,9
DA:68,5
DA:69,1
DA:89,1
DA:91,5
DA:93,1
DA:95,7
DA:97,14
DA:99,13
DA:100,1
DA:111,8
LF:29
LH:26
end_of_record
SF:./crates/solfx-math/src/oracle.rs
DA:53,6
DA:54,1
DA:57,43
DA:58,2
DA:59,1
DA:61,8
DA:67,2
DA:75,22
DA:76,22
DA:88,12
DA:103,5
DA:104,1
DA:105,7
DA:106,1
DA:107,22
DA:108,25
DA:113,3
DA:116,11
DA:117,1
DA:126,5
DA:127,1
DA:128,0
DA:130,7
DA:131,1
DA:132,22
DA:133,1
DA:134,23
DA:140,4
DA:141,1
DA:161,2
DA:162,9
DA:164,12
DA:167,11
DA:168,2
DA:172,1
DA:178,4
DA:179,1
DA:180,1
DA:181,16
DA:182,44
DA:183,1
DA:224,14
DA:230,2
DA:231,2
DA:235,1
DA:236,13
DA:240,3
DA:243,8
DA:248,43
DA:249,40
DA:250,7
DA:251,83
DA:254,5
DA:256,3
DA:257,1
LF:55
LH:54
end_of_record
SF:./crates/solfx-math/src/pnl.rs
DA:22,4
DA:23,40
DA:25,1
DA:28,4
DA:29,1
DA:46,5
DA:52,2
DA:53,0
DA:56,5
DA:59,12
DA:61,37
DA:62,11
DA:63,1
DA:81,6
DA:86,2
DA:87,3
DA:89,1
DA:92,28
DA:93,3
DA:99,0
DA:109,10
DA:110,1
DA:116,5
DA:121,2
DA:123,29
DA:126,1
DA:134,4
DA:135,1
DA:142,6
DA:150,4
DA:152,3
DA:153,0
DA:156,14
DA:158,7
DA:160,7
DA:165,2
DA:167,14
DA:171,13
DA:172,1
LF:39
LH:36
end_of_record
SF:./crates/solfx-math/src/pricing.rs
DA:48,5
DA:49,37
DA:51,2
DA:54,5
DA:55,1
DA:62,1
DA:67,1
DA:68,10
DA:70,1
DA:71,14
DA:73,11
DA:74,22
DA:75,2
DA:76,1
DA:87,3
DA:88,11
DA:89,2
DA:96,1
DA:107,1
DA:108,8
DA:110,8
DA:112,1
DA:113,0
DA:115,2
DA:116,1
DA:126,4
DA:127,1
DA:128,0
DA:130,1
DA:131,42
DA:133,1
DA:134,6
DA:135,12
DA:137,6
DA:140,10
DA:141,1
DA:158,17
LF:37
LH:35
end_of_record
SF:./crates/solfx-math/src/types.rs
DA:45,3
LF:1
LH:1
end_of_record
SF:./programs/solfx-core/src/errors.rs
DA:11,553
DA:198,16
DA:200,0
DA:201,0
DA:202,0
DA:203,0
DA:204,0
DA:206,0
DA:219,409
LF:9
LH:3
end_of_record
SF:./programs/solfx-core/src/events.rs
DA:10,85
DA:19,178
DA:31,47
DA:43,39
DA:53,125
DA:68,56
DA:85,53
DA:92,52
DA:99,78
DA:106,71
DA:115,73
DA:127,73
DA:142,51
DA:162,113
DA:179,73
DA:196,97
DA:212,102
DA:227,85
DA:244,41
DA:253,57
DA:268,53
DA:283,73
DA:301,38
DA:312,121
DA:338,89
DA:355,34
DA:371,45
DA:380,41
DA:391,77
DA:409,39
DA:420,57
DA:431,85
DA:448,70
DA:463,91
LF:34
LH:34
end_of_record
SF:./programs/solfx-core/src/instructions/admin/initialize_market.rs
DA:9,458
DA:65,546
DA:66,2
DA:74,2
DA:75,8
DA:81,1
DA:83,4
DA:86,3
DA:91,38
DA:96,1
DA:101,39
DA:102,3
DA:106,1
DA:107,38
DA:108,3
DA:116,9
DA:123,38
DA:124,2
DA:128,4
DA:129,6
DA:131,19
DA:132,11
DA:137,4
DA:138,19
DA:139,10
DA:143,5
DA:146,3
DA:149,3
DA:150,2
DA:154,4
DA:155,5
DA:156,2
DA:158,3
DA:159,3
DA:160,9
DA:161,10
DA:162,10
DA:163,4
DA:165,3
DA:166,3
DA:167,3
DA:168,3
DA:170,3
DA:171,3
DA:172,3
DA:173,3
DA:175,3
DA:176,3
DA:177,3
DA:178,3
DA:179,3
DA:180,3
DA:181,3
DA:182,3
DA:184,3
DA:185,3
DA:186,3
DA:187,3
DA:189,3
DA:190,3
DA:191,3
DA:193,3
DA:194,3
DA:196,3
DA:197,3
DA:198,3
DA:199,2
DA:200,3
DA:201,3
DA:203,2
DA:204,2
DA:205,3
DA:206,3
DA:207,2
DA:208,2
DA:209,2
DA:210,2
DA:212,4
DA:214,8
DA:215,8
DA:217,3
DA:219,1
DA:220,1
DA:222,27
DA:226,8
DA:227,3
DA:228,2
DA:229,1
DA:234,3
LF:89
LH:89
end_of_record
SF:./programs/solfx-core/src/instructions/admin/initialize_protocol.rs
DA:13,48
DA:38,3546
DA:45,2
DA:50,5
DA:58,1
DA:61,2
DA:62,1
DA:64,5
DA:68,1
DA:71,2
DA:72,1
DA:74,5
DA:78,1
DA:83,3
DA:87,1
DA:90,2
DA:91,1
DA:93,5
DA:97,1
DA:102,3
DA:106,1
DA:109,2
DA:110,1
DA:112,5
DA:117,1
DA:121,2
DA:123,2
DA:133,32
DA:137,39
DA:138,4
DA:142,5
DA:143,1
DA:144,1
DA:145,2
DA:146,1
DA:148,37
DA:153,41
DA:155,3
DA:158,11
DA:159,5
DA:160,9
DA:161,12
DA:162,2
DA:163,2
DA:164,7
DA:165,2
DA:166,2
DA:167,2
DA:168,3
DA:169,3
DA:170,3
DA:173,2
DA:174,4
DA:175,2
DA:176,3
DA:177,3
DA:180,12
DA:181,12
DA:182,2
DA:183,2
DA:184,3
DA:185,3
DA:186,3
DA:189,2
DA:191,2
DA:192,2
DA:193,2
DA:194,2
DA:195,2
DA:196,3
DA:197,3
DA:198,3
DA:200,58
DA:201,9
DA:202,8
DA:203,8
DA:204,9
DA:209,4
LF:78
LH:78
end_of_record
SF:./programs/solfx-core/src/instructions/admin/protocol_admin.rs
DA:11,12
DA:32,0
DA:33,0
DA:39,0
DA:40,0
DA:42,0
DA:44,0
DA:49,0
DA:52,0
DA:61,4
DA:62,1
DA:63,9
DA:65,50
DA:66,10
DA:68,4
DA:71,3
DA:73,139
DA:80,2
DA:86,18
DA:87,1
DA:89,38
DA:90,20
DA:93,38
DA:94,23
DA:98,8
DA:99,8
DA:100,5
DA:102,49
DA:104,10
DA:105,4
DA:108,3
DA:112,0
DA:113,0
DA:114,0
DA:117,0
DA:119,0
DA:121,375
DA:128,2
DA:129,8
DA:133,2
DA:138,22
DA:156,11
DA:157,1
DA:158,0
DA:159,4
DA:163,12
DA:164,3
DA:165,53
DA:166,10
DA:168,29
DA:169,30
DA:170,29
DA:178,4
DA:180,7
DA:183,43
DA:184,12
DA:186,3
DA:189,4
DA:197,14
DA:201,352
DA:210,2
DA:211,8
DA:212,22
DA:216,2
DA:221,22
DA:248,19
DA:249,1
DA:251,1
DA:252,4
DA:254,4
DA:256,38
DA:257,2
DA:260,0
DA:261,3
DA:265,11
DA:266,3
DA:267,57
DA:268,10
DA:270,28
DA:271,33
DA:272,26
DA:280,2
DA:282,22
DA:283,11
DA:286,2
DA:287,3
DA:290,3
LF:87
LH:72
end_of_record
SF:./programs/solfx-core/src/instructions/admin/set_market_oracle.rs
DA:19,23
DA:24,1
DA:25,9
DA:32,51
DA:36,5
DA:40,52
DA:47,38
DA:48,3
DA:52,8
DA:54,43
DA:55,3
DA:58,4
DA:61,3
LF:13
LH:13
end_of_record
SF:./programs/solfx-core/src/instructions/admin/update_market.rs
DA:9,293
DA:15,2
DA:16,8
DA:22,2
DA:23,1
DA:28,33
DA:56,4
DA:57,1
DA:59,3
DA:60,3
DA:61,3
DA:62,3
DA:63,3
DA:64,3
DA:65,3
DA:66,3
DA:67,3
DA:68,3
DA:69,3
DA:70,3
DA:71,3
DA:72,3
DA:73,3
DA:75,8
DA:77,39
DA:78,2
DA:79,1
DA:80,2
DA:81,2
DA:82,2
DA:83,2
DA:84,1
DA:85,3
DA:88,3
DA:90,18
DA:108,3
DA:109,1
DA:111,3
DA:112,3
DA:113,3
DA:114,3
DA:115,3
DA:116,3
DA:117,3
DA:118,3
DA:120,35
DA:121,3
DA:122,1
DA:123,2
DA:124,2
DA:125,1
DA:126,4
DA:129,3
DA:137,15
DA:141,38
DA:142,4
DA:151,38
DA:152,2
DA:156,1
DA:158,32
DA:159,3
DA:163,4
DA:166,3
LF:63
LH:63
end_of_record
SF:./programs/solfx-core/src/instructions/guardian.rs
DA:17,200
DA:24,2
DA:25,8
DA:36,3
DA:37,3
DA:39,43
DA:41,11
DA:42,4
DA:45,3
DA:47,265
DA:53,2
DA:54,8
DA:60,2
DA:61,1
DA:67,3
DA:68,1
DA:69,2
DA:70,1
DA:72,29
DA:73,3
DA:77,4
DA:80,3
DA:82,200
DA:89,2
DA:90,8
DA:96,3
DA:97,3
DA:99,43
DA:101,11
DA:102,4
DA:105,3
LF:31
LH:31
end_of_record
SF:./programs/solfx-core/src/instructions/keeper/adl.rs
DA:41,1338
DA:45,3
DA:50,1
DA:51,2
DA:57,2
DA:58,1
DA:67,12
DA:68,2
DA:69,2
DA:71,2
DA:72,28
DA:73,5
DA:78,8
DA:81,3
DA:83,3
DA:85,3
DA:87,3
DA:89,3
DA:91,3
DA:123,34
DA:124,3
DA:126,38
DA:127,4
DA:130,0
DA:131,2
DA:135,23
DA:136,1
DA:137,3
DA:138,2
DA:141,3
DA:142,1
DA:146,22
DA:147,8
DA:149,10
DA:150,1
DA:153,2
DA:156,1
DA:158,3
DA:161,15
DA:162,3
DA:163,3
DA:164,3
DA:165,3
DA:166,3
DA:167,3
DA:168,2
DA:169,3
DA:170,2
DA:175,29
DA:177,2
DA:178,2
DA:179,11
DA:180,9
DA:181,10
DA:182,1
DA:183,2
DA:184,2
DA:185,2
DA:187,13
DA:188,13
DA:198,2
DA:199,2
DA:200,2
DA:201,1
DA:207,13
DA:208,9
DA:209,12
DA:213,1
DA:215,6
DA:221,10
DA:222,10
DA:225,2
DA:226,2
DA:227,2
DA:229,39
DA:243,5
LF:76
LH:75
end_of_record
SF:./programs/solfx-core/src/instructions/keeper/funding.rs
DA:9,239
DA:15,2
DA:20,2
DA:21,1
DA:49,14
DA:50,3
DA:51,1
DA:53,0
DA:54,3
DA:58,1
DA:60,8
DA:66,2
DA:75,2
DA:76,2
DA:77,2
DA:78,1
DA:82,3
DA:92,3
DA:93,6
DA:94,4
DA:97,6
DA:98,3
DA:99,2
DA:100,1
DA:101,1
DA:103,3
DA:106,13
DA:107,3
DA:109,7
DA:111,12
DA:113,8
DA:115,12
DA:118,3
DA:120,29
DA:121,2
DA:124,4
DA:125,4
DA:126,3
DA:127,7
DA:128,4
DA:134,3
LF:41
LH:40
end_of_record
SF:./programs/solfx-core/src/instructions/keeper/liquidate.rs
DA:40,1378
DA:48,3
DA:55,1
DA:56,2
DA:62,2
DA:63,1
DA:75,12
DA:76,2
DA:77,2
DA:79,2
DA:80,28
DA:81,5
DA:86,8
DA:92,22
DA:93,26
DA:97,3
DA:99,3
DA:101,3
DA:103,3
DA:105,3
DA:107,3
DA:137,50
DA:138,3
DA:140,0
DA:141,4
DA:145,23
DA:146,1
DA:147,3
DA:148,2
DA:151,3
DA:152,1
DA:157,22
DA:158,8
DA:161,19
DA:162,29
DA:166,1
DA:191,2
DA:193,5
DA:197,2
DA:199,5
DA:201,4
DA:205,2
DA:206,4
DA:213,15
DA:223,2
DA:224,3
DA:227,1
DA:228,9
DA:237,1
DA:238,6
DA:239,1
DA:242,8
DA:244,4
DA:245,6
DA:247,4
DA:250,8
DA:277,3
DA:278,4
DA:280,1
DA:281,13
DA:282,4
DA:283,3
DA:285,11
DA:286,6
DA:287,1
DA:288,5
DA:291,36
DA:292,4
DA:293,5
DA:294,5
DA:295,5
DA:296,5
DA:297,5
DA:298,2
DA:299,6
DA:300,2
DA:304,2
DA:307,9
DA:308,5
DA:310,2
DA:312,4
DA:314,2
DA:316,7
DA:320,11
DA:322,2
DA:323,2
DA:324,11
DA:325,9
DA:326,10
DA:327,1
DA:328,2
DA:330,13
DA:331,14
DA:341,2
DA:342,2
DA:343,2
DA:344,1
DA:352,5
DA:353,2
DA:355,5
DA:357,2
DA:362,2
DA:363,5
DA:365,5
DA:367,2
DA:370,2
DA:372,4
DA:374,7
DA:379,2
DA:380,5
DA:382,5
DA:384,1
DA:386,4
DA:388,5
DA:391,4
DA:393,6
DA:398,3
DA:400,4
DA:402,7
DA:406,3
DA:408,4
DA:410,6
DA:412,21
DA:422,10
DA:423,11
DA:426,12
DA:427,10
DA:430,2
DA:431,2
DA:432,2
DA:434,49
DA:437,10
DA:453,6
DA:455,8
DA:456,1
DA:459,12
DA:460,5
DA:461,53
DA:462,10
DA:464,28
DA:465,29
DA:466,25
DA:472,3
DA:475,8
DA:476,12
DA:477,5
DA:478,53
DA:479,10
DA:481,28
DA:482,27
DA:483,26
DA:489,3
DA:492,8
DA:493,12
DA:494,5
DA:495,53
DA:496,10
DA:498,28
DA:499,27
DA:500,26
DA:506,3
DA:513,429
DA:518,2
DA:521,2
DA:524,3
DA:529,22
DA:530,26
DA:540,4
DA:541,1
DA:543,3
DA:544,54
DA:545,11
DA:547,28
DA:548,30
DA:549,26
DA:556,5
DA:558,8
DA:562,4
LF:178
LH:177
end_of_record
SF:./programs/solfx-core/src/instructions/keeper/price.rs
DA:14,374
DA:23,2
DA:29,2
DA:30,1
DA:70,16
DA:71,3
DA:72,1
DA:74,38
DA:75,3
DA:79,20
DA:80,1
DA:81,3
DA:85,2
DA:88,3
DA:89,1
DA:93,3
DA:94,2
DA:95,3
DA:97,40
DA:98,2
DA:112,3
DA:113,10
DA:115,3
DA:117,1
DA:118,2
DA:120,3
DA:124,2
DA:130,5
DA:134,31
DA:135,1
DA:141,28
DA:142,2
DA:151,3
LF:33
LH:33
end_of_record
SF:./programs/solfx-core/src/instructions/keeper/session.rs
DA:39,292
DA:45,2
DA:50,2
DA:51,1
DA:67,7
DA:68,3
DA:69,1
DA:71,0
DA:72,2
DA:73,2
DA:81,3
DA:82,8
DA:83,1
DA:84,2
DA:85,2
DA:88,2
DA:89,1
DA:92,3
DA:97,33
DA:98,30
DA:100,2
DA:101,44
DA:108,1
DA:111,1
DA:113,3
DA:114,3
DA:115,2
DA:116,33
DA:117,2
DA:125,37
DA:126,3
DA:135,3
DA:157,2
DA:161,3
DA:163,4
DA:167,4
DA:169,3
DA:171,2
DA:180,0
DA:182,0
DA:201,3
DA:203,9
DA:234,1
DA:235,0
DA:237,0
DA:239,0
DA:247,0
DA:253,1
DA:280,2
DA:281,2
DA:285,1
DA:289,19
DA:290,4
DA:291,4
DA:293,0
DA:305,16
DA:309,7
DA:310,3
DA:313,0
DA:319,4
DA:322,22
DA:323,1
DA:324,2
DA:325,1
DA:326,1
DA:336,30
DA:350,8
DA:351,12
DA:355,4
LF:69
LH:60
end_of_record
SF:./programs/solfx-core/src/instructions/lp.rs
DA:39,575
DA:44,2
DA:47,3
DA:50,3
DA:53,3
DA:58,22
DA:59,26
DA:65,22
DA:66,25
DA:85,17
DA:86,1
DA:87,4
DA:90,7
DA:91,3
DA:92,1
DA:93,1
DA:95,4
DA:96,54
DA:97,10
DA:99,30
DA:100,32
DA:101,25
DA:107,12
DA:108,4
DA:109,55
DA:110,10
DA:112,28
DA:113,30
DA:114,26
DA:122,4
DA:124,6
DA:126,4
DA:128,5
DA:130,4
DA:132,5
DA:135,23
DA:136,10
DA:139,3
DA:140,3
DA:143,4
DA:147,786
DA:152,2
DA:155,3
DA:163,3
DA:165,32
DA:168,5
DA:171,22
DA:172,26
DA:186,9
DA:190,1
DA:191,38
DA:192,4
DA:196,3
DA:199,1
DA:201,12
DA:204,3
DA:206,5
DA:210,11
DA:211,2
DA:212,3
DA:213,2
DA:214,3
DA:216,39
DA:217,10
DA:220,2
DA:224,3
DA:226,397
DA:231,2
DA:237,10
DA:238,2
DA:239,8
DA:244,8
DA:253,3
DA:254,3
DA:256,10
DA:258,44
DA:259,10
DA:261,3
DA:262,4
DA:265,3
DA:267,876
DA:272,3
DA:275,3
DA:278,3
DA:281,3
DA:284,3
DA:290,9
DA:291,3
DA:292,26
DA:298,22
DA:299,25
DA:305,22
DA:306,25
DA:334,39
DA:335,3
DA:336,1
DA:338,38
DA:339,3
DA:343,1
DA:344,0
DA:345,3
DA:350,0
DA:351,3
DA:356,8
DA:359,8
DA:360,3
DA:363,3
DA:366,3
DA:377,2
DA:378,1
DA:381,8
DA:384,1
DA:385,7
DA:387,1
DA:391,20
DA:394,0
DA:395,8
DA:400,4
DA:401,11
DA:402,10
DA:403,4
DA:404,5
DA:405,3
DA:406,2
DA:412,12
DA:414,4
DA:415,12
DA:416,10
DA:417,4
DA:418,5
DA:419,3
DA:420,3
DA:430,1
DA:431,5
DA:432,12
DA:433,10
DA:434,4
DA:435,5
DA:436,3
DA:437,3
DA:446,6
DA:448,1
DA:450,1
DA:452,5
DA:454,1
DA:456,12
DA:457,7
DA:459,5
DA:461,7
DA:463,7
DA:467,7
DA:469,5
DA:477,8
DA:478,3
DA:479,1
DA:482,25
DA:483,10
DA:489,2
DA:490,1
DA:495,3
LF:160
LH:157
end_of_record
SF:./programs/solfx-core/src/instructions/trader/adjust_collateral.rs
DA:19,5
DA:20,1
DA:21,0
DA:22,4
DA:26,7
DA:29,5
DA:31,5
DA:33,6
DA:35,46
DA:36,2
DA:38,1
DA:39,1
DA:40,2
DA:43,4
DA:60,20
DA:61,3
DA:62,1
DA:63,0
DA:64,4
DA:68,22
DA:69,2
DA:70,3
DA:71,2
DA:74,3
DA:75,1
DA:79,3
DA:85,1
DA:91,12
DA:95,6
DA:105,2
DA:108,9
DA:109,19
DA:110,6
DA:114,4
DA:115,0
DA:116,6
DA:121,3
DA:122,2
DA:123,11
DA:124,1
DA:126,10
DA:128,23
DA:131,2
DA:136,3
LF:44
LH:41
end_of_record
SF:./programs/solfx-core/src/instructions/trader/close_position.rs
DA:20,1263
DA:24,3
DA:29,9
DA:30,3
DA:31,8
DA:37,2
DA:38,1
DA:46,12
DA:47,2
DA:48,2
DA:50,2
DA:51,28
DA:52,5
DA:56,3
DA:58,3
DA:60,3
DA:62,3
DA:64,3
DA:66,3
DA:78,1359
DA:83,3
DA:88,9
DA:89,3
DA:90,8
DA:96,2
DA:97,1
DA:106,12
DA:107,2
DA:108,2
DA:110,2
DA:111,28
DA:112,5
DA:116,3
DA:118,3
DA:120,3
DA:122,3
DA:124,3
DA:126,3
DA:153,12
DA:158,3
DA:159,35
DA:160,107
DA:161,27
DA:162,28
DA:163,30
DA:164,30
DA:165,32
DA:166,29
DA:167,2
DA:168,28
DA:169,3
DA:171,3
DA:172,3
DA:174,0
DA:175,3
DA:179,14
DA:180,22
DA:181,3
DA:182,3
DA:183,3
DA:184,1
DA:185,2
DA:186,2
DA:187,2
DA:196,3
DA:199,10
DA:200,3
DA:201,37
DA:203,27
DA:204,30
DA:205,30
DA:206,30
DA:207,31
DA:208,30
DA:209,2
DA:210,31
DA:211,2
DA:213,2
DA:214,12
DA:215,1
DA:217,13
DA:218,129
DA:219,3
DA:220,3
DA:221,2
DA:222,1
DA:223,1
DA:224,2
DA:234,3
DA:249,51
DA:257,2
DA:258,2
DA:259,2
DA:260,2
DA:261,2
DA:262,1
DA:263,4
DA:268,41
DA:269,1
DA:270,0
DA:271,2
DA:278,4
DA:279,7
DA:280,40
DA:291,18
DA:293,5
DA:294,7
DA:295,7
DA:296,7
DA:299,1
DA:301,2
DA:303,1
DA:305,3
DA:306,5
DA:308,7
DA:309,3
DA:312,6
DA:314,7
DA:315,3
DA:316,3
DA:318,9
DA:321,1
DA:322,5
DA:329,2
DA:332,1
DA:334,7
DA:336,5
DA:345,2
DA:346,9
DA:350,2
DA:351,8
DA:353,1
DA:356,3
DA:366,0
DA:367,0
DA:371,19
DA:373,23
DA:374,5
DA:377,2
DA:378,8
DA:379,8
DA:395,13
DA:397,1
DA:398,0
DA:402,0
DA:403,0
DA:413,3
DA:416,1
DA:418,8
DA:420,5
DA:425,9
DA:426,10
DA:428,4
DA:430,4
DA:432,4
DA:434,3
DA:436,2
DA:438,2
DA:439,3
DA:440,13
DA:441,9
DA:444,2
DA:447,11
DA:450,20
DA:455,5
DA:457,35
DA:459,9
DA:460,2
DA:462,2
DA:463,3
DA:473,4
DA:479,5
DA:480,2
DA:481,4
DA:482,2
DA:485,4
DA:495,6
DA:496,2
DA:497,4
DA:498,3
DA:501,4
LF:181
LH:174
end_of_record
SF:./programs/solfx-core/src/instructions/trader/flows.rs
DA:43,13
DA:46,2
DA:47,8
DA:62,7
DA:63,10
DA:64,15
DA:65,9
DA:66,1
DA:75,5
DA:76,4
DA:79,4
DA:80,1
DA:81,10
DA:86,2
DA:88,4
DA:92,11
DA:94,4
DA:101,1
DA:109,27
DA:111,6
DA:112,1
LF:21
LH:21
end_of_record
SF:./programs/solfx-core/src/instructions/trader/increase_position.rs
DA:25,43
DA:31,3
DA:33,4
DA:34,38
DA:35,4
DA:38,2
DA:39,0
DA:40,3
DA:44,24
DA:45,1
DA:46,3
DA:47,2
DA:50,3
DA:51,1
DA:55,2
DA:57,10
DA:58,8
DA:59,5
DA:61,2
DA:62,3
DA:65,7
DA:66,4
DA:67,3
DA:68,1
DA:70,3
DA:74,5
DA:76,0
DA:77,3
DA:81,8
DA:83,1
DA:88,4
DA:90,4
DA:94,5
DA:96,2
DA:100,4
DA:106,4
DA:107,0
DA:108,6
DA:112,7
DA:113,2
DA:115,3
DA:116,3
DA:118,3
DA:120,3
DA:122,1
DA:123,7
DA:125,7
DA:127,25
DA:129,15
DA:130,4
DA:131,3
DA:132,3
DA:133,3
DA:134,3
DA:135,3
DA:136,2
DA:137,4
DA:138,2
DA:140,2
DA:141,11
DA:142,9
DA:143,2
DA:145,21
DA:146,4
DA:156,2
DA:157,1
DA:158,2
DA:159,1
DA:165,10
DA:166,8
DA:169,2
DA:170,3
DA:171,3
DA:172,3
DA:173,13
DA:174,3
DA:177,9
DA:180,19
DA:185,6
DA:187,23
DA:188,13
DA:200,6
LF:82
LH:79
end_of_record
SF:./programs/solfx-core/src/instructions/trader/mod.rs
DA:60,7
DA:61,1
DA:64,11
DA:65,5
DA:66,46
DA:67,9
DA:68,3
DA:69,28
DA:71,28
DA:77,14
DA:83,12
DA:84,3
DA:85,55
DA:86,9
DA:88,34
DA:90,27
DA:122,37
DA:135,3
DA:137,40
DA:140,2
DA:141,0
DA:142,1
DA:145,169
DA:148,38
DA:149,37
DA:152,6
DA:153,3
DA:155,5
DA:158,7
DA:163,20
DA:164,6
DA:166,7
DA:170,4
DA:172,7
DA:175,1
DA:176,26
DA:177,1
DA:179,9
DA:181,1
DA:182,1
DA:183,2
DA:184,1
DA:188,4
DA:189,14
DA:190,1
DA:192,1
DA:198,3
DA:204,1
DA:205,1
DA:206,6
DA:208,1
DA:209,3
DA:211,3
LF:53
LH:52
end_of_record
SF:./programs/solfx-core/src/instructions/trader/open_position.rs
DA:18,1505
DA:19,4
DA:24,3
DA:29,10
DA:30,3
DA:31,8
DA:37,2
DA:38,3
DA:44,1
DA:48,22
DA:49,5
DA:50,5
DA:54,3
DA:56,3
DA:59,3
DA:61,3
DA:64,3
DA:66,3
DA:69,3
DA:100,57
DA:109,3
DA:111,42
DA:112,38
DA:113,4
DA:116,1
DA:117,1
DA:120,26
DA:121,1
DA:122,4
DA:123,2
DA:126,3
DA:127,1
DA:132,11
DA:133,8
DA:134,57
DA:138,8
DA:139,2
DA:140,4
DA:142,1
DA:145,4
DA:147,1
DA:148,0
DA:149,6
DA:156,8
DA:157,19
DA:158,5
DA:161,7
DA:162,2
DA:168,4
DA:170,10
DA:174,1
DA:175,6
DA:177,6
DA:179,24
DA:181,15
DA:182,5
DA:183,4
DA:184,4
DA:185,4
DA:186,4
DA:187,5
DA:188,2
DA:189,5
DA:190,2
DA:192,2
DA:193,9
DA:194,10
DA:196,21
DA:197,20
DA:207,2
DA:208,1
DA:209,2
DA:210,2
DA:216,10
DA:223,10
DA:224,10
DA:226,1
DA:227,2
DA:230,8
DA:231,1
DA:232,3
DA:233,1
DA:235,6
DA:236,3
DA:237,1
DA:238,1
DA:241,5
DA:243,1
DA:247,9
DA:248,3
DA:249,3
DA:250,3
DA:251,3
DA:252,3
DA:253,3
DA:254,4
DA:255,5
DA:259,6
DA:260,2
DA:261,3
DA:262,3
DA:263,2
DA:264,2
DA:265,9
DA:266,3
DA:269,3
DA:271,1
DA:272,1
DA:273,12
DA:276,19
DA:281,6
DA:283,44
DA:284,13
DA:291,6
DA:300,8
DA:306,10
DA:313,5
DA:314,3
DA:317,9
DA:321,10
DA:322,3
DA:324,6
DA:327,8
DA:328,3
DA:330,12
DA:331,1
DA:338,6
DA:350,14
DA:351,1
DA:356,1
DA:359,6
DA:362,7
DA:364,7
DA:367,38
DA:368,8
DA:372,3
DA:380,12
DA:381,3
DA:385,7
DA:387,6
DA:390,38
DA:391,4
DA:395,3
LF:143
LH:142
end_of_record
SF:./programs/solfx-core/src/instructions/trader/trigger.rs
DA:41,955
DA:42,2
DA:47,3
DA:51,10
DA:52,3
DA:53,8
DA:58,2
DA:59,1
DA:66,12
DA:67,2
DA:68,2
DA:70,2
DA:71,28
DA:77,1
DA:79,27
DA:82,3
DA:98,22
DA:105,1
DA:106,1
DA:107,39
DA:108,4
DA:112,3
DA:113,9
DA:114,2
DA:115,3
DA:116,2
DA:119,3
DA:120,1
DA:124,39
DA:125,3
DA:126,3
DA:134,11
DA:135,12
DA:136,11
DA:137,4
DA:138,3
DA:139,2
DA:140,2
DA:141,2
DA:142,3
DA:143,4
DA:145,59
DA:146,11
DA:147,8
DA:148,8
DA:149,1
DA:158,3
DA:160,236
DA:168,5
DA:169,1
DA:170,22
DA:177,8
DA:178,1
DA:179,74
DA:180,11
DA:181,8
DA:182,8
DA:183,2
DA:184,4
DA:187,3
DA:189,1423
DA:195,3
DA:200,2
DA:201,2
DA:207,2
DA:208,1
DA:216,12
DA:217,2
DA:218,2
DA:220,2
DA:221,28
DA:222,5
DA:235,11
DA:236,2
DA:237,28
DA:241,3
DA:243,3
DA:245,3
DA:247,3
DA:249,3
DA:251,3
DA:284,29
DA:285,3
DA:287,38
DA:288,4
DA:292,22
DA:293,1
DA:294,4
DA:295,2
DA:298,3
DA:299,1
DA:304,2
DA:308,38
DA:309,4
DA:311,2
DA:316,3
DA:317,1
DA:319,1
DA:322,11
DA:323,10
DA:326,31
DA:327,31
DA:328,31
DA:329,31
DA:330,31
DA:331,32
DA:332,3
DA:333,27
DA:334,2
DA:336,3
DA:346,13
DA:347,129
DA:348,2
DA:349,3
DA:350,3
DA:351,3
DA:352,1
DA:353,3
DA:372,44
DA:373,4
DA:374,9
DA:375,1
DA:377,14
DA:378,1
DA:379,4
DA:383,60
DA:386,10
DA:387,2
DA:397,3
LF:129
LH:129
end_of_record
SF:./programs/solfx-core/src/instructions/user.rs
DA:19,543
DA:26,2
DA:32,3
DA:34,32
DA:37,5
DA:52,11
DA:56,11
DA:57,53
DA:59,4
DA:62,9
DA:63,2
DA:64,2
DA:65,9
DA:66,2
DA:67,2
DA:68,2
DA:69,2
DA:70,3
DA:71,3
DA:73,50
DA:74,11
DA:80,3
DA:82,588
DA:89,2
DA:95,9
DA:96,3
DA:97,8
DA:110,3
DA:111,22
DA:117,22
DA:118,26
DA:131,17
DA:132,39
DA:133,0
DA:134,26
DA:138,3
DA:139,52
DA:140,10
DA:142,28
DA:143,30
DA:144,25
DA:151,13
DA:152,4
DA:154,5
DA:158,21
DA:160,30
DA:161,11
DA:162,8
DA:164,1
DA:165,2
DA:166,3
DA:169,4
DA:187,21
DA:188,39
DA:189,0
DA:190,26
DA:195,7
DA:196,4
DA:198,6
DA:202,6
DA:204,12
DA:205,4
DA:206,56
DA:207,10
DA:209,30
DA:210,33
DA:211,26
DA:218,30
DA:219,11
DA:220,8
DA:222,1
DA:223,2
DA:224,3
DA:227,4
LF:74
LH:72
end_of_record
SF:./programs/solfx-core/src/lib.rs
DA:73,5234
DA:84,2
DA:91,104
DA:93,3
DA:100,2
DA:107,2
DA:111,3
DA:122,2
DA:130,0
DA:135,2
DA:140,2
DA:144,0
DA:149,2
DA:156,2
DA:160,2
DA:170,2
DA:174,3
DA:179,3
DA:198,12
DA:216,5
DA:230,4
DA:235,3
DA:240,3
DA:245,3
DA:255,4
DA:263,3
DA:268,2
DA:273,3
DA:278,14
DA:283,3
DA:288,3
DA:297,3
DA:308,9
DA:319,2
DA:326,2
DA:331,2
DA:336,2
DA:341,2
DA:346,2
DA:351,2
LF:40
LH:38
end_of_record
SF:./programs/solfx-core/src/oracle.rs
DA:141,37
DA:159,10
DA:178,12
DA:188,43
DA:196,22
DA:199,4
DA:200,4
DA:201,3
DA:205,2
DA:210,40
DA:211,3
DA:212,56
DA:215,35
DA:216,16
DA:219,9
DA:220,8
DA:221,7
DA:227,8
DA:229,12
DA:233,8
DA:234,6
DA:235,13
DA:238,20
DA:239,1
DA:245,9
DA:246,4
DA:251,1
DA:255,31
DA:263,38
DA:264,2
DA:271,1
DA:272,1
DA:273,85
DA:276,9
DA:282,46
DA:284,7
DA:285,6
DA:298,9
DA:299,1
DA:300,6
DA:301,3
DA:302,0
DA:309,8
DA:316,2
DA:324,6
DA:325,50
DA:327,3
LF:47
LH:46
end_of_record
SF:./programs/solfx-core/src/risk.rs
DA:56,10
DA:72,20
DA:73,2
DA:74,9
DA:77,1
DA:81,1
DA:82,4
DA:84,7
DA:86,6
DA:88,5
DA:90,3
DA:94,4
DA:95,6
DA:97,7
DA:98,6
DA:101,8
DA:103,6
DA:108,7
DA:110,5
DA:116,6
DA:119,9
DA:121,15
DA:132,1
DA:139,2
DA:140,6
DA:141,1
DA:142,2
DA:143,2
DA:145,5
DA:146,1
DA:151,2
DA:152,4
DA:156,9
DA:157,5
DA:158,1
DA:183,5
DA:184,4
DA:186,1
DA:190,0
DA:191,0
DA:195,0
DA:199,0
DA:200,1
DA:202,0
DA:203,0
DA:204,0
DA:208,0
DA:212,0
DA:218,6
DA:222,12
DA:224,2
DA:225,2
DA:237,14
DA:238,9
DA:240,4
DA:242,3
DA:244,12
LF:57
LH:48
end_of_record
SF:./programs/solfx-core/src/state/lp_pool.rs
DA:13,515
DA:88,218
DA:106,181
LF:3
LH:3
end_of_record
SF:./programs/solfx-core/src/state/market.rs
DA:18,28
DA:38,66
DA:55,31
DA:76,35
DA:103,4
DA:109,2
DA:135,1778
DA:340,3
DA:346,7
DA:349,5
DA:356,6
DA:359,3
DA:366,6
DA:375,2
DA:380,2
DA:385,8
DA:390,37
DA:391,39
DA:392,5
DA:397,38
DA:398,3
DA:406,1
DA:408,38
DA:409,1
DA:413,38
DA:414,3
DA:418,38
DA:419,5
DA:423,19
DA:424,5
DA:429,0
DA:430,2
DA:433,0
DA:434,2
DA:438,19
DA:439,3
DA:442,0
DA:443,4
DA:448,3
DA:464,1
DA:471,1
DA:473,3
DA:475,5
DA:477,5
DA:479,10
DA:483,4
DA:485,5
DA:487,6
DA:489,10
DA:494,3
DA:508,1
DA:515,1
DA:517,8
DA:518,4
DA:520,9
DA:522,1
DA:525,8
DA:526,5
DA:528,7
DA:530,1
DA:534,3
DA:540,8
DA:541,5
DA:545,40
DA:547,3
DA:572,11
DA:573,2
DA:578,5
DA:583,7
DA:587,1
DA:589,15
DA:591,6
DA:596,5
DA:600,1
DA:602,1
DA:607,2
DA:609,9
DA:611,3
DA:613,1
DA:614,67
DA:616,9
DA:619,22
DA:620,8
DA:624,3
DA:628,7
DA:629,38
DA:630,3
DA:633,0
DA:634,3
DA:639,3
LF:90
LH:86
end_of_record
SF:./programs/solfx-core/src/state/position.rs
DA:9,31
DA:48,620
LF:2
LH:2
end_of_record
SF:./programs/solfx-core/src/state/protocol.rs
DA:10,963
DA:126,10
DA:133,6
DA:134,6
DA:138,3
DA:140,3
DA:144,2
DA:146,8
DA:148,2
DA:150,8
DA:159,1
DA:160,2
DA:162,2
DA:164,3
DA:166,8
DA:169,3
LF:16
LH:16
end_of_record
SF:./programs/solfx-core/src/state/trigger_order.rs
DA:11,25
DA:34,2
DA:52,1
DA:74,406
LF:4
LH:4
end_of_record
SF:./programs/solfx-core/src/state/user_account.rs
DA:11,447
DA:72,0
DA:73,2
DA:75,8
DA:77,3
DA:79,8
DA:82,3
DA:85,12
DA:87,42
DA:96,9
DA:97,38
DA:99,2
DA:102,3
LF:13
LH:12
end_of_record
